{"/Users/gregoryly/Desktop/projet_Dev3/server/src/middlewares/checkEmptyBody.ts": {"path":"/Users/gregoryly/Desktop/projet_Dev3/server/src/middlewares/checkEmptyBody.ts","statementMap":{"0":{"start":{"line":3,"column":30},"end":{"line":13,"column":1}},"1":{"start":{"line":8,"column":2},"end":{"line":10,"column":3}},"2":{"start":{"line":9,"column":4},"end":{"line":9,"column":65}},"3":{"start":{"line":12,"column":2},"end":{"line":12,"column":9}},"4":{"start":{"line":3,"column":13},"end":{"line":3,"column":30}},"5":{"start":{"line":15,"column":0},"end":{"line":15,"column":30}}},"fnMap":{"0":{"name":"(anonymous_0)","decl":{"start":{"line":3,"column":30},"end":{"line":3,"column":null}},"loc":{"start":{"line":7,"column":4},"end":{"line":13,"column":1}}}},"branchMap":{"0":{"loc":{"start":{"line":8,"column":2},"end":{"line":10,"column":3}},"type":"if","locations":[{"start":{"line":8,"column":2},"end":{"line":10,"column":3}},{"start":{},"end":{}}]},"1":{"loc":{"start":{"line":8,"column":6},"end":{"line":8,"column":53}},"type":"binary-expr","locations":[{"start":{"line":8,"column":6},"end":{"line":8,"column":15}},{"start":{"line":8,"column":19},"end":{"line":8,"column":53}}]}},"s":{"0":1,"1":2,"2":1,"3":1,"4":1,"5":1},"f":{"0":2},"b":{"0":[1,1],"1":[2,2]}}
,"/Users/gregoryly/Desktop/projet_Dev3/server/src/middlewares/checkIdParam.ts": {"path":"/Users/gregoryly/Desktop/projet_Dev3/server/src/middlewares/checkIdParam.ts","statementMap":{"0":{"start":{"line":3,"column":28},"end":{"line":15,"column":1}},"1":{"start":{"line":8,"column":15},"end":{"line":8,"column":36}},"2":{"start":{"line":10,"column":4},"end":{"line":12,"column":5}},"3":{"start":{"line":11,"column":8},"end":{"line":11,"column":64}},"4":{"start":{"line":14,"column":4},"end":{"line":14,"column":11}},"5":{"start":{"line":3,"column":13},"end":{"line":3,"column":28}},"6":{"start":{"line":17,"column":0},"end":{"line":17,"column":28}}},"fnMap":{"0":{"name":"(anonymous_0)","decl":{"start":{"line":3,"column":28},"end":{"line":3,"column":null}},"loc":{"start":{"line":7,"column":4},"end":{"line":15,"column":1}}}},"branchMap":{"0":{"loc":{"start":{"line":10,"column":4},"end":{"line":12,"column":5}},"type":"if","locations":[{"start":{"line":10,"column":4},"end":{"line":12,"column":5}},{"start":{},"end":{}}]},"1":{"loc":{"start":{"line":10,"column":7},"end":{"line":10,"column":39}},"type":"binary-expr","locations":[{"start":{"line":10,"column":7},"end":{"line":10,"column":28}},{"start":{"line":10,"column":32},"end":{"line":10,"column":39}}]}},"s":{"0":1,"1":2,"2":2,"3":1,"4":1,"5":1,"6":1},"f":{"0":2},"b":{"0":[1,1],"1":[2,1]}}
,"/Users/gregoryly/Desktop/projet_Dev3/server/src/middlewares/validateAddressBody.ts": {"path":"/Users/gregoryly/Desktop/projet_Dev3/server/src/middlewares/validateAddressBody.ts","statementMap":{"0":{"start":{"line":3,"column":30},"end":{"line":3,"column":82}},"1":{"start":{"line":5,"column":35},"end":{"line":17,"column":1}},"2":{"start":{"line":10,"column":2},"end":{"line":14,"column":3}},"3":{"start":{"line":11,"column":4},"end":{"line":13,"column":5}},"4":{"start":{"line":12,"column":6},"end":{"line":12,"column":75}},"5":{"start":{"line":16,"column":2},"end":{"line":16,"column":9}},"6":{"start":{"line":5,"column":13},"end":{"line":5,"column":35}},"7":{"start":{"line":19,"column":0},"end":{"line":19,"column":35}}},"fnMap":{"0":{"name":"(anonymous_0)","decl":{"start":{"line":5,"column":35},"end":{"line":5,"column":null}},"loc":{"start":{"line":9,"column":4},"end":{"line":17,"column":1}}}},"branchMap":{"0":{"loc":{"start":{"line":11,"column":4},"end":{"line":13,"column":5}},"type":"if","locations":[{"start":{"line":11,"column":4},"end":{"line":13,"column":5}},{"start":{},"end":{}}]},"1":{"loc":{"start":{"line":11,"column":8},"end":{"line":11,"column":78}},"type":"binary-expr","locations":[{"start":{"line":11,"column":8},"end":{"line":11,"column":45}},{"start":{"line":11,"column":49},"end":{"line":11,"column":78}}]}},"s":{"0":1,"1":1,"2":2,"3":7,"4":1,"5":1,"6":1,"7":1},"f":{"0":2},"b":{"0":[1,6],"1":[7,7]}}
,"/Users/gregoryly/Desktop/projet_Dev3/server/src/middlewares/validateAuthBody.ts": {"path":"/Users/gregoryly/Desktop/projet_Dev3/server/src/middlewares/validateAuthBody.ts","statementMap":{"0":{"start":{"line":3,"column":19},"end":{"line":3,"column":47}},"1":{"start":{"line":5,"column":36},"end":{"line":25,"column":1}},"2":{"start":{"line":10,"column":40},"end":{"line":10,"column":48}},"3":{"start":{"line":12,"column":2},"end":{"line":18,"column":3}},"4":{"start":{"line":17,"column":4},"end":{"line":17,"column":64}},"5":{"start":{"line":20,"column":2},"end":{"line":22,"column":3}},"6":{"start":{"line":21,"column":4},"end":{"line":21,"column":70}},"7":{"start":{"line":24,"column":2},"end":{"line":24,"column":9}},"8":{"start":{"line":5,"column":13},"end":{"line":5,"column":36}},"9":{"start":{"line":27,"column":33},"end":{"line":39,"column":1}},"10":{"start":{"line":32,"column":30},"end":{"line":32,"column":38}},"11":{"start":{"line":34,"column":2},"end":{"line":36,"column":3}},"12":{"start":{"line":35,"column":4},"end":{"line":35,"column":64}},"13":{"start":{"line":38,"column":2},"end":{"line":38,"column":9}},"14":{"start":{"line":27,"column":13},"end":{"line":27,"column":33}}},"fnMap":{"0":{"name":"(anonymous_0)","decl":{"start":{"line":5,"column":36},"end":{"line":5,"column":null}},"loc":{"start":{"line":9,"column":4},"end":{"line":25,"column":1}}},"1":{"name":"(anonymous_1)","decl":{"start":{"line":27,"column":33},"end":{"line":27,"column":null}},"loc":{"start":{"line":31,"column":4},"end":{"line":39,"column":1}}}},"branchMap":{"0":{"loc":{"start":{"line":12,"column":2},"end":{"line":18,"column":3}},"type":"if","locations":[{"start":{"line":12,"column":2},"end":{"line":18,"column":3}},{"start":{},"end":{}}]},"1":{"loc":{"start":{"line":13,"column":4},"end":{"line":15,"column":32}},"type":"binary-expr","locations":[{"start":{"line":13,"column":4},"end":{"line":13,"column":32}},{"start":{"line":14,"column":4},"end":{"line":14,"column":29}},{"start":{"line":15,"column":4},"end":{"line":15,"column":32}}]},"2":{"loc":{"start":{"line":20,"column":2},"end":{"line":22,"column":3}},"type":"if","locations":[{"start":{"line":20,"column":2},"end":{"line":22,"column":3}},{"start":{},"end":{}}]},"3":{"loc":{"start":{"line":34,"column":2},"end":{"line":36,"column":3}},"type":"if","locations":[{"start":{"line":34,"column":2},"end":{"line":36,"column":3}},{"start":{},"end":{}}]},"4":{"loc":{"start":{"line":34,"column":6},"end":{"line":34,"column":63}},"type":"binary-expr","locations":[{"start":{"line":34,"column":6},"end":{"line":34,"column":31}},{"start":{"line":34,"column":35},"end":{"line":34,"column":63}}]}},"s":{"0":1,"1":1,"2":3,"3":3,"4":1,"5":2,"6":1,"7":1,"8":1,"9":1,"10":2,"11":2,"12":1,"13":1,"14":1},"f":{"0":3,"1":2},"b":{"0":[1,2],"1":[3,3,3],"2":[1,1],"3":[1,1],"4":[2,2]}}
,"/Users/gregoryly/Desktop/projet_Dev3/server/src/middlewares/validateOrderBody.ts": {"path":"/Users/gregoryly/Desktop/projet_Dev3/server/src/middlewares/validateOrderBody.ts","statementMap":{"0":{"start":{"line":3,"column":33},"end":{"line":32,"column":1}},"1":{"start":{"line":8,"column":19},"end":{"line":8,"column":34}},"2":{"start":{"line":10,"column":2},"end":{"line":12,"column":3}},"3":{"start":{"line":11,"column":4},"end":{"line":11,"column":91}},"4":{"start":{"line":14,"column":22},"end":{"line":25,"column":4}},"5":{"start":{"line":15,"column":22},"end":{"line":15,"column":74}},"6":{"start":{"line":16,"column":22},"end":{"line":16,"column":50}},"7":{"start":{"line":17,"column":21},"end":{"line":17,"column":47}},"8":{"start":{"line":19,"column":4},"end":{"line":24,"column":6}},"9":{"start":{"line":27,"column":2},"end":{"line":29,"column":3}},"10":{"start":{"line":28,"column":4},"end":{"line":28,"column":106}},"11":{"start":{"line":31,"column":2},"end":{"line":31,"column":9}},"12":{"start":{"line":3,"column":13},"end":{"line":3,"column":33}},"13":{"start":{"line":34,"column":0},"end":{"line":34,"column":33}}},"fnMap":{"0":{"name":"(anonymous_0)","decl":{"start":{"line":3,"column":33},"end":{"line":3,"column":null}},"loc":{"start":{"line":7,"column":4},"end":{"line":32,"column":1}}},"1":{"name":"(anonymous_1)","decl":{"start":{"line":14,"column":36},"end":{"line":14,"column":37}},"loc":{"start":{"line":14,"column":54},"end":{"line":25,"column":3}}}},"branchMap":{"0":{"loc":{"start":{"line":10,"column":2},"end":{"line":12,"column":3}},"type":"if","locations":[{"start":{"line":10,"column":2},"end":{"line":12,"column":3}},{"start":{},"end":{}}]},"1":{"loc":{"start":{"line":10,"column":6},"end":{"line":10,"column":55}},"type":"binary-expr","locations":[{"start":{"line":10,"column":6},"end":{"line":10,"column":30}},{"start":{"line":10,"column":34},"end":{"line":10,"column":55}}]},"2":{"loc":{"start":{"line":20,"column":6},"end":{"line":23,"column":19}},"type":"binary-expr","locations":[{"start":{"line":20,"column":6},"end":{"line":20,"column":34}},{"start":{"line":21,"column":6},"end":{"line":21,"column":20}},{"start":{"line":22,"column":6},"end":{"line":22,"column":33}},{"start":{"line":23,"column":6},"end":{"line":23,"column":19}}]},"3":{"loc":{"start":{"line":27,"column":2},"end":{"line":29,"column":3}},"type":"if","locations":[{"start":{"line":27,"column":2},"end":{"line":29,"column":3}},{"start":{},"end":{}}]}},"s":{"0":1,"1":3,"2":3,"3":1,"4":2,"5":2,"6":2,"7":2,"8":2,"9":2,"10":1,"11":1,"12":1,"13":1},"f":{"0":3,"1":2},"b":{"0":[1,2],"1":[3,3],"2":[2,2,2,2],"3":[1,1]}}
,"/Users/gregoryly/Desktop/projet_Dev3/server/src/services/adminServices.ts": {"path":"/Users/gregoryly/Desktop/projet_Dev3/server/src/services/adminServices.ts","statementMap":{"0":{"start":{"line":1,"column":0},"end":{"line":1,"column":41}},"1":{"start":{"line":27,"column":19},"end":{"line":43,"column":2}},"2":{"start":{"line":45,"column":34},"end":{"line":49,"column":1}},"3":{"start":{"line":46,"column":2},"end":{"line":48,"column":5}},"4":{"start":{"line":45,"column":13},"end":{"line":45,"column":34}},"5":{"start":{"line":51,"column":34},"end":{"line":61,"column":1}},"6":{"start":{"line":52,"column":17},"end":{"line":52,"column":79}},"7":{"start":{"line":54,"column":2},"end":{"line":56,"column":3}},"8":{"start":{"line":55,"column":4},"end":{"line":55,"column":41}},"9":{"start":{"line":58,"column":2},"end":{"line":60,"column":5}},"10":{"start":{"line":51,"column":13},"end":{"line":51,"column":34}},"11":{"start":{"line":63,"column":34},"end":{"line":74,"column":1}},"12":{"start":{"line":64,"column":17},"end":{"line":64,"column":79}},"13":{"start":{"line":66,"column":2},"end":{"line":68,"column":3}},"14":{"start":{"line":67,"column":4},"end":{"line":67,"column":41}},"15":{"start":{"line":70,"column":2},"end":{"line":73,"column":5}},"16":{"start":{"line":63,"column":13},"end":{"line":63,"column":34}},"17":{"start":{"line":76,"column":32},"end":{"line":80,"column":1}},"18":{"start":{"line":77,"column":2},"end":{"line":79,"column":5}},"19":{"start":{"line":76,"column":13},"end":{"line":76,"column":32}},"20":{"start":{"line":82,"column":28},"end":{"line":93,"column":1}},"21":{"start":{"line":83,"column":15},"end":{"line":86,"column":4}},"22":{"start":{"line":88,"column":2},"end":{"line":90,"column":3}},"23":{"start":{"line":89,"column":4},"end":{"line":89,"column":38}},"24":{"start":{"line":92,"column":2},"end":{"line":92,"column":14}},"25":{"start":{"line":82,"column":13},"end":{"line":82,"column":28}},"26":{"start":{"line":95,"column":31},"end":{"line":119,"column":1}},"27":{"start":{"line":96,"column":17},"end":{"line":98,"column":4}},"28":{"start":{"line":100,"column":2},"end":{"line":102,"column":3}},"29":{"start":{"line":101,"column":4},"end":{"line":101,"column":38}},"30":{"start":{"line":104,"column":32},"end":{"line":104,"column":34}},"31":{"start":{"line":106,"column":2},"end":{"line":106,"column":67}},"32":{"start":{"line":106,"column":36},"end":{"line":106,"column":67}},"33":{"start":{"line":107,"column":2},"end":{"line":107,"column":58}},"34":{"start":{"line":107,"column":33},"end":{"line":107,"column":58}},"35":{"start":{"line":108,"column":2},"end":{"line":108,"column":67}},"36":{"start":{"line":108,"column":36},"end":{"line":108,"column":67}},"37":{"start":{"line":110,"column":2},"end":{"line":112,"column":3}},"38":{"start":{"line":111,"column":4},"end":{"line":111,"column":36}},"39":{"start":{"line":114,"column":2},"end":{"line":118,"column":5}},"40":{"start":{"line":95,"column":13},"end":{"line":95,"column":31}},"41":{"start":{"line":121,"column":31},"end":{"line":141,"column":1}},"42":{"start":{"line":122,"column":20},"end":{"line":124,"column":4}},"43":{"start":{"line":126,"column":2},"end":{"line":128,"column":3}},"44":{"start":{"line":127,"column":4},"end":{"line":127,"column":44}},"45":{"start":{"line":130,"column":2},"end":{"line":140,"column":5}},"46":{"start":{"line":121,"column":13},"end":{"line":121,"column":31}},"47":{"start":{"line":143,"column":31},"end":{"line":181,"column":1}},"48":{"start":{"line":144,"column":15},"end":{"line":160,"column":4}},"49":{"start":{"line":162,"column":2},"end":{"line":164,"column":3}},"50":{"start":{"line":163,"column":4},"end":{"line":163,"column":38}},"51":{"start":{"line":166,"column":18},"end":{"line":166,"column":93}},"52":{"start":{"line":166,"column":48},"end":{"line":166,"column":92}},"53":{"start":{"line":167,"column":2},"end":{"line":169,"column":3}},"54":{"start":{"line":168,"column":4},"end":{"line":168,"column":38}},"55":{"start":{"line":171,"column":22},"end":{"line":178,"column":4}},"56":{"start":{"line":180,"column":2},"end":{"line":180,"column":58}},"57":{"start":{"line":143,"column":13},"end":{"line":143,"column":31}},"58":{"start":{"line":183,"column":35},"end":{"line":187,"column":1}},"59":{"start":{"line":184,"column":2},"end":{"line":186,"column":5}},"60":{"start":{"line":183,"column":13},"end":{"line":183,"column":35}}},"fnMap":{"0":{"name":"(anonymous_1)","decl":{"start":{"line":45,"column":34},"end":{"line":45,"column":39}},"loc":{"start":{"line":45,"column":64},"end":{"line":49,"column":1}}},"1":{"name":"(anonymous_2)","decl":{"start":{"line":51,"column":34},"end":{"line":51,"column":39}},"loc":{"start":{"line":51,"column":62},"end":{"line":61,"column":1}}},"2":{"name":"(anonymous_3)","decl":{"start":{"line":63,"column":34},"end":{"line":63,"column":39}},"loc":{"start":{"line":63,"column":83},"end":{"line":74,"column":1}}},"3":{"name":"(anonymous_4)","decl":{"start":{"line":76,"column":32},"end":{"line":76,"column":37}},"loc":{"start":{"line":76,"column":43},"end":{"line":80,"column":1}}},"4":{"name":"(anonymous_5)","decl":{"start":{"line":82,"column":28},"end":{"line":82,"column":33}},"loc":{"start":{"line":82,"column":53},"end":{"line":93,"column":1}}},"5":{"name":"(anonymous_6)","decl":{"start":{"line":95,"column":31},"end":{"line":95,"column":36}},"loc":{"start":{"line":95,"column":80},"end":{"line":119,"column":1}}},"6":{"name":"(anonymous_7)","decl":{"start":{"line":121,"column":31},"end":{"line":121,"column":36}},"loc":{"start":{"line":121,"column":59},"end":{"line":141,"column":1}}},"7":{"name":"(anonymous_8)","decl":{"start":{"line":143,"column":31},"end":{"line":143,"column":36}},"loc":{"start":{"line":143,"column":56},"end":{"line":181,"column":1}}},"8":{"name":"(anonymous_9)","decl":{"start":{"line":166,"column":34},"end":{"line":166,"column":35}},"loc":{"start":{"line":166,"column":48},"end":{"line":166,"column":92}}},"9":{"name":"(anonymous_10)","decl":{"start":{"line":183,"column":35},"end":{"line":183,"column":40}},"loc":{"start":{"line":183,"column":66},"end":{"line":187,"column":1}}}},"branchMap":{"0":{"loc":{"start":{"line":54,"column":2},"end":{"line":56,"column":3}},"type":"if","locations":[{"start":{"line":54,"column":2},"end":{"line":56,"column":3}},{"start":{},"end":{}}]},"1":{"loc":{"start":{"line":66,"column":2},"end":{"line":68,"column":3}},"type":"if","locations":[{"start":{"line":66,"column":2},"end":{"line":68,"column":3}},{"start":{},"end":{}}]},"2":{"loc":{"start":{"line":88,"column":2},"end":{"line":90,"column":3}},"type":"if","locations":[{"start":{"line":88,"column":2},"end":{"line":90,"column":3}},{"start":{},"end":{}}]},"3":{"loc":{"start":{"line":100,"column":2},"end":{"line":102,"column":3}},"type":"if","locations":[{"start":{"line":100,"column":2},"end":{"line":102,"column":3}},{"start":{},"end":{}}]},"4":{"loc":{"start":{"line":106,"column":2},"end":{"line":106,"column":67}},"type":"if","locations":[{"start":{"line":106,"column":2},"end":{"line":106,"column":67}},{"start":{},"end":{}}]},"5":{"loc":{"start":{"line":107,"column":2},"end":{"line":107,"column":58}},"type":"if","locations":[{"start":{"line":107,"column":2},"end":{"line":107,"column":58}},{"start":{},"end":{}}]},"6":{"loc":{"start":{"line":108,"column":2},"end":{"line":108,"column":67}},"type":"if","locations":[{"start":{"line":108,"column":2},"end":{"line":108,"column":67}},{"start":{},"end":{}}]},"7":{"loc":{"start":{"line":110,"column":2},"end":{"line":112,"column":3}},"type":"if","locations":[{"start":{"line":110,"column":2},"end":{"line":112,"column":3}},{"start":{},"end":{}}]},"8":{"loc":{"start":{"line":126,"column":2},"end":{"line":128,"column":3}},"type":"if","locations":[{"start":{"line":126,"column":2},"end":{"line":128,"column":3}},{"start":{},"end":{}}]},"9":{"loc":{"start":{"line":162,"column":2},"end":{"line":164,"column":3}},"type":"if","locations":[{"start":{"line":162,"column":2},"end":{"line":164,"column":3}},{"start":{},"end":{}}]},"10":{"loc":{"start":{"line":167,"column":2},"end":{"line":169,"column":3}},"type":"if","locations":[{"start":{"line":167,"column":2},"end":{"line":169,"column":3}},{"start":{},"end":{}}]}},"s":{"0":1,"1":1,"2":1,"3":1,"4":1,"5":1,"6":2,"7":2,"8":1,"9":1,"10":1,"11":1,"12":0,"13":0,"14":0,"15":0,"16":1,"17":1,"18":0,"19":1,"20":1,"21":2,"22":2,"23":1,"24":1,"25":1,"26":1,"27":2,"28":2,"29":0,"30":2,"31":2,"32":1,"33":2,"34":0,"35":2,"36":0,"37":2,"38":1,"39":1,"40":1,"41":1,"42":2,"43":2,"44":1,"45":1,"46":1,"47":1,"48":2,"49":2,"50":0,"51":2,"52":2,"53":2,"54":1,"55":1,"56":1,"57":1,"58":1,"59":1,"60":1},"f":{"0":1,"1":2,"2":0,"3":0,"4":2,"5":2,"6":2,"7":2,"8":2,"9":1},"b":{"0":[1,1],"1":[0,0],"2":[1,1],"3":[0,2],"4":[1,1],"5":[0,2],"6":[0,2],"7":[1,1],"8":[1,1],"9":[0,2],"10":[1,1]}}
,"/Users/gregoryly/Desktop/projet_Dev3/server/src/services/adressesServices.ts": {"path":"/Users/gregoryly/Desktop/projet_Dev3/server/src/services/adressesServices.ts","statementMap":{"0":{"start":{"line":1,"column":0},"end":{"line":1,"column":41}},"1":{"start":{"line":13,"column":27},"end":{"line":20,"column":1}},"2":{"start":{"line":14,"column":21},"end":{"line":17,"column":6}},"3":{"start":{"line":19,"column":4},"end":{"line":19,"column":20}},"4":{"start":{"line":13,"column":13},"end":{"line":13,"column":27}},"5":{"start":{"line":22,"column":28},"end":{"line":35,"column":1}},"6":{"start":{"line":23,"column":20},"end":{"line":32,"column":6}},"7":{"start":{"line":34,"column":4},"end":{"line":34,"column":19}},"8":{"start":{"line":22,"column":13},"end":{"line":22,"column":28}},"9":{"start":{"line":37,"column":28},"end":{"line":71,"column":1}},"10":{"start":{"line":42,"column":37},"end":{"line":42,"column":39}},"11":{"start":{"line":44,"column":4},"end":{"line":44,"column":63}},"12":{"start":{"line":44,"column":36},"end":{"line":44,"column":63}},"13":{"start":{"line":45,"column":4},"end":{"line":45,"column":57}},"14":{"start":{"line":45,"column":34},"end":{"line":45,"column":57}},"15":{"start":{"line":46,"column":4},"end":{"line":46,"column":60}},"16":{"start":{"line":46,"column":35},"end":{"line":46,"column":60}},"17":{"start":{"line":47,"column":4},"end":{"line":47,"column":75}},"18":{"start":{"line":47,"column":40},"end":{"line":47,"column":75}},"19":{"start":{"line":48,"column":4},"end":{"line":48,"column":66}},"20":{"start":{"line":48,"column":37},"end":{"line":48,"column":66}},"21":{"start":{"line":50,"column":4},"end":{"line":52,"column":5}},"22":{"start":{"line":51,"column":8},"end":{"line":51,"column":43}},"23":{"start":{"line":54,"column":28},"end":{"line":59,"column":6}},"24":{"start":{"line":61,"column":4},"end":{"line":63,"column":5}},"25":{"start":{"line":62,"column":8},"end":{"line":62,"column":45}},"26":{"start":{"line":65,"column":27},"end":{"line":68,"column":6}},"27":{"start":{"line":70,"column":4},"end":{"line":70,"column":26}},"28":{"start":{"line":37,"column":13},"end":{"line":37,"column":28}},"29":{"start":{"line":73,"column":28},"end":{"line":90,"column":1}},"30":{"start":{"line":74,"column":28},"end":{"line":79,"column":6}},"31":{"start":{"line":81,"column":4},"end":{"line":83,"column":5}},"32":{"start":{"line":82,"column":8},"end":{"line":82,"column":45}},"33":{"start":{"line":85,"column":4},"end":{"line":87,"column":7}},"34":{"start":{"line":89,"column":4},"end":{"line":89,"column":16}},"35":{"start":{"line":73,"column":13},"end":{"line":73,"column":28}}},"fnMap":{"0":{"name":"(anonymous_1)","decl":{"start":{"line":13,"column":27},"end":{"line":13,"column":32}},"loc":{"start":{"line":13,"column":52},"end":{"line":20,"column":1}}},"1":{"name":"(anonymous_2)","decl":{"start":{"line":22,"column":28},"end":{"line":22,"column":33}},"loc":{"start":{"line":22,"column":74},"end":{"line":35,"column":1}}},"2":{"name":"(anonymous_3)","decl":{"start":{"line":37,"column":28},"end":{"line":37,"column":33}},"loc":{"start":{"line":41,"column":4},"end":{"line":71,"column":1}}},"3":{"name":"(anonymous_4)","decl":{"start":{"line":73,"column":28},"end":{"line":73,"column":33}},"loc":{"start":{"line":73,"column":72},"end":{"line":90,"column":1}}}},"branchMap":{"0":{"loc":{"start":{"line":44,"column":4},"end":{"line":44,"column":63}},"type":"if","locations":[{"start":{"line":44,"column":4},"end":{"line":44,"column":63}},{"start":{},"end":{}}]},"1":{"loc":{"start":{"line":45,"column":4},"end":{"line":45,"column":57}},"type":"if","locations":[{"start":{"line":45,"column":4},"end":{"line":45,"column":57}},{"start":{},"end":{}}]},"2":{"loc":{"start":{"line":46,"column":4},"end":{"line":46,"column":60}},"type":"if","locations":[{"start":{"line":46,"column":4},"end":{"line":46,"column":60}},{"start":{},"end":{}}]},"3":{"loc":{"start":{"line":47,"column":4},"end":{"line":47,"column":75}},"type":"if","locations":[{"start":{"line":47,"column":4},"end":{"line":47,"column":75}},{"start":{},"end":{}}]},"4":{"loc":{"start":{"line":48,"column":4},"end":{"line":48,"column":66}},"type":"if","locations":[{"start":{"line":48,"column":4},"end":{"line":48,"column":66}},{"start":{},"end":{}}]},"5":{"loc":{"start":{"line":50,"column":4},"end":{"line":52,"column":5}},"type":"if","locations":[{"start":{"line":50,"column":4},"end":{"line":52,"column":5}},{"start":{},"end":{}}]},"6":{"loc":{"start":{"line":61,"column":4},"end":{"line":63,"column":5}},"type":"if","locations":[{"start":{"line":61,"column":4},"end":{"line":63,"column":5}},{"start":{},"end":{}}]},"7":{"loc":{"start":{"line":81,"column":4},"end":{"line":83,"column":5}},"type":"if","locations":[{"start":{"line":81,"column":4},"end":{"line":83,"column":5}},{"start":{},"end":{}}]}},"s":{"0":1,"1":1,"2":1,"3":1,"4":1,"5":1,"6":1,"7":1,"8":1,"9":1,"10":3,"11":3,"12":0,"13":3,"14":2,"15":3,"16":0,"17":3,"18":0,"19":3,"20":0,"21":3,"22":1,"23":2,"24":2,"25":1,"26":1,"27":1,"28":1,"29":1,"30":2,"31":2,"32":1,"33":1,"34":1,"35":1},"f":{"0":1,"1":1,"2":3,"3":2},"b":{"0":[0,3],"1":[2,1],"2":[0,3],"3":[0,3],"4":[0,3],"5":[1,2],"6":[1,1],"7":[1,1]}}
,"/Users/gregoryly/Desktop/projet_Dev3/server/src/services/authService.ts": {"path":"/Users/gregoryly/Desktop/projet_Dev3/server/src/services/authService.ts","statementMap":{"0":{"start":{"line":1,"column":0},"end":{"line":1,"column":41}},"1":{"start":{"line":2,"column":0},"end":{"line":2,"column":54}},"2":{"start":{"line":3,"column":0},"end":{"line":3,"column":31}},"3":{"start":{"line":23,"column":28},"end":{"line":83,"column":1}},"4":{"start":{"line":24,"column":24},"end":{"line":26,"column":6}},"5":{"start":{"line":28,"column":4},"end":{"line":30,"column":5}},"6":{"start":{"line":29,"column":8},"end":{"line":29,"column":48}},"7":{"start":{"line":32,"column":17},"end":{"line":32,"column":48}},"8":{"start":{"line":33,"column":26},"end":{"line":33,"column":78}},"9":{"start":{"line":35,"column":23},"end":{"line":67,"column":6}},"10":{"start":{"line":36,"column":21},"end":{"line":41,"column":10}},"11":{"start":{"line":43,"column":8},"end":{"line":49,"column":11}},"12":{"start":{"line":51,"column":24},"end":{"line":51,"column":44}},"13":{"start":{"line":53,"column":8},"end":{"line":64,"column":9}},"14":{"start":{"line":54,"column":12},"end":{"line":63,"column":15}},"15":{"start":{"line":66,"column":8},"end":{"line":66,"column":20}},"16":{"start":{"line":69,"column":18},"end":{"line":72,"column":null}},"17":{"start":{"line":75,"column":4},"end":{"line":82,"column":6}},"18":{"start":{"line":23,"column":13},"end":{"line":23,"column":28}},"19":{"start":{"line":85,"column":25},"end":{"line":120,"column":1}},"20":{"start":{"line":87,"column":21},"end":{"line":90,"column":10}},"21":{"start":{"line":93,"column":8},"end":{"line":95,"column":9}},"22":{"start":{"line":94,"column":13},"end":{"line":94,"column":47}},"23":{"start":{"line":98,"column":30},"end":{"line":98,"column":100}},"24":{"start":{"line":101,"column":8},"end":{"line":103,"column":9}},"25":{"start":{"line":102,"column":12},"end":{"line":102,"column":46}},"26":{"start":{"line":106,"column":22},"end":{"line":109,"column":null}},"27":{"start":{"line":112,"column":8},"end":{"line":119,"column":null}},"28":{"start":{"line":85,"column":13},"end":{"line":85,"column":25}}},"fnMap":{"0":{"name":"(anonymous_1)","decl":{"start":{"line":23,"column":28},"end":{"line":23,"column":33}},"loc":{"start":{"line":23,"column":59},"end":{"line":83,"column":1}}},"1":{"name":"(anonymous_2)","decl":{"start":{"line":35,"column":49},"end":{"line":35,"column":54}},"loc":{"start":{"line":35,"column":62},"end":{"line":67,"column":5}}},"2":{"name":"(anonymous_3)","decl":{"start":{"line":85,"column":25},"end":{"line":85,"column":30}},"loc":{"start":{"line":85,"column":53},"end":{"line":120,"column":1}}}},"branchMap":{"0":{"loc":{"start":{"line":28,"column":4},"end":{"line":30,"column":5}},"type":"if","locations":[{"start":{"line":28,"column":4},"end":{"line":30,"column":5}},{"start":{},"end":{}}]},"1":{"loc":{"start":{"line":53,"column":8},"end":{"line":64,"column":9}},"type":"if","locations":[{"start":{"line":53,"column":8},"end":{"line":64,"column":9}},{"start":{},"end":{}}]},"2":{"loc":{"start":{"line":93,"column":8},"end":{"line":95,"column":9}},"type":"if","locations":[{"start":{"line":93,"column":8},"end":{"line":95,"column":9}},{"start":{},"end":{}}]},"3":{"loc":{"start":{"line":93,"column":12},"end":{"line":93,"column":38}},"type":"binary-expr","locations":[{"start":{"line":93,"column":12},"end":{"line":93,"column":17}},{"start":{"line":93,"column":21},"end":{"line":93,"column":38}}]},"4":{"loc":{"start":{"line":101,"column":8},"end":{"line":103,"column":9}},"type":"if","locations":[{"start":{"line":101,"column":8},"end":{"line":103,"column":9}},{"start":{},"end":{}}]}},"s":{"0":1,"1":1,"2":1,"3":1,"4":2,"5":2,"6":1,"7":1,"8":1,"9":1,"10":1,"11":1,"12":1,"13":1,"14":1,"15":1,"16":1,"17":1,"18":1,"19":1,"20":3,"21":3,"22":1,"23":2,"24":2,"25":1,"26":1,"27":1,"28":1},"f":{"0":2,"1":1,"2":3},"b":{"0":[1,1],"1":[1,0],"2":[1,2],"3":[3,2],"4":[1,1]}}
,"/Users/gregoryly/Desktop/projet_Dev3/server/src/services/catServices.ts": {"path":"/Users/gregoryly/Desktop/projet_Dev3/server/src/services/catServices.ts","statementMap":{"0":{"start":{"line":1,"column":0},"end":{"line":1,"column":41}},"1":{"start":{"line":3,"column":29},"end":{"line":7,"column":1}},"2":{"start":{"line":4,"column":23},"end":{"line":4,"column":59}},"3":{"start":{"line":6,"column":4},"end":{"line":6,"column":22}},"4":{"start":{"line":3,"column":13},"end":{"line":3,"column":29}},"5":{"start":{"line":9,"column":22},"end":{"line":19,"column":1}},"6":{"start":{"line":10,"column":22},"end":{"line":12,"column":6}},"7":{"start":{"line":14,"column":4},"end":{"line":16,"column":9}},"8":{"start":{"line":15,"column":12},"end":{"line":15,"column":null}},"9":{"start":{"line":18,"column":4},"end":{"line":18,"column":21}},"10":{"start":{"line":9,"column":13},"end":{"line":9,"column":22}}},"fnMap":{"0":{"name":"(anonymous_1)","decl":{"start":{"line":3,"column":29},"end":{"line":3,"column":34}},"loc":{"start":{"line":3,"column":40},"end":{"line":7,"column":1}}},"1":{"name":"(anonymous_2)","decl":{"start":{"line":9,"column":22},"end":{"line":9,"column":27}},"loc":{"start":{"line":9,"column":46},"end":{"line":19,"column":1}}}},"branchMap":{"0":{"loc":{"start":{"line":14,"column":4},"end":{"line":16,"column":9}},"type":"if","locations":[{"start":{"line":14,"column":4},"end":{"line":16,"column":9}},{"start":{},"end":{}}]}},"s":{"0":1,"1":1,"2":1,"3":1,"4":1,"5":1,"6":2,"7":2,"8":1,"9":1,"10":1},"f":{"0":1,"1":2},"b":{"0":[1,1]}}
,"/Users/gregoryly/Desktop/projet_Dev3/server/src/services/orderServices.ts": {"path":"/Users/gregoryly/Desktop/projet_Dev3/server/src/services/orderServices.ts","statementMap":{"0":{"start":{"line":1,"column":0},"end":{"line":1,"column":41}},"1":{"start":{"line":13,"column":28},"end":{"line":28,"column":1}},"2":{"start":{"line":14,"column":19},"end":{"line":25,"column":10}},"3":{"start":{"line":27,"column":4},"end":{"line":27,"column":18}},"4":{"start":{"line":13,"column":13},"end":{"line":13,"column":28}},"5":{"start":{"line":31,"column":30},"end":{"line":48,"column":1}},"6":{"start":{"line":32,"column":21},"end":{"line":45,"column":10}},"7":{"start":{"line":47,"column":4},"end":{"line":47,"column":20}},"8":{"start":{"line":31,"column":13},"end":{"line":31,"column":30}},"9":{"start":{"line":50,"column":33},"end":{"line":168,"column":1}},"10":{"start":{"line":51,"column":48},"end":{"line":57,"column":6}},"11":{"start":{"line":52,"column":24},"end":{"line":52,"column":74}},"12":{"start":{"line":53,"column":6},"end":{"line":56,"column":8}},"13":{"start":{"line":60,"column":32},"end":{"line":60,"column":57}},"14":{"start":{"line":61,"column":4},"end":{"line":63,"column":5}},"15":{"start":{"line":62,"column":6},"end":{"line":62,"column":112}},"16":{"start":{"line":66,"column":29},"end":{"line":66,"column":60}},"17":{"start":{"line":69,"column":23},"end":{"line":69,"column":46}},"18":{"start":{"line":70,"column":8},"end":{"line":80,"column":9}},"19":{"start":{"line":71,"column":32},"end":{"line":73,"column":12}},"20":{"start":{"line":75,"column":10},"end":{"line":77,"column":11}},"21":{"start":{"line":76,"column":12},"end":{"line":76,"column":48}},"22":{"start":{"line":79,"column":10},"end":{"line":79,"column":38}},"23":{"start":{"line":83,"column":29},"end":{"line":153,"column":10}},"24":{"start":{"line":84,"column":27},"end":{"line":86,"column":12}},"25":{"start":{"line":89,"column":10},"end":{"line":91,"column":11}},"26":{"start":{"line":90,"column":12},"end":{"line":90,"column":24}},"27":{"start":{"line":93,"column":30},"end":{"line":93,"column":69}},"28":{"start":{"line":93,"column":58},"end":{"line":93,"column":67}},"29":{"start":{"line":96,"column":10},"end":{"line":104,"column":11}},"30":{"start":{"line":98,"column":28},"end":{"line":98,"column":54}},"31":{"start":{"line":99,"column":12},"end":{"line":99,"column":38}},"32":{"start":{"line":99,"column":26},"end":{"line":99,"column":38}},"33":{"start":{"line":101,"column":12},"end":{"line":103,"column":13}},"34":{"start":{"line":102,"column":14},"end":{"line":102,"column":80}},"35":{"start":{"line":106,"column":24},"end":{"line":112,"column":12}},"36":{"start":{"line":114,"column":29},"end":{"line":122,"column":12}},"37":{"start":{"line":115,"column":28},"end":{"line":115,"column":55}},"38":{"start":{"line":116,"column":12},"end":{"line":121,"column":14}},"39":{"start":{"line":124,"column":10},"end":{"line":124,"column":65}},"40":{"start":{"line":126,"column":10},"end":{"line":140,"column":11}},"41":{"start":{"line":127,"column":28},"end":{"line":135,"column":14}},"42":{"start":{"line":137,"column":12},"end":{"line":139,"column":13}},"43":{"start":{"line":138,"column":14},"end":{"line":138,"column":94}},"44":{"start":{"line":142,"column":10},"end":{"line":152,"column":13}},"45":{"start":{"line":155,"column":8},"end":{"line":157,"column":9}},"46":{"start":{"line":156,"column":10},"end":{"line":156,"column":48}},"47":{"start":{"line":159,"column":27},"end":{"line":161,"column":null}},"48":{"start":{"line":160,"column":25},"end":{"line":160,"column":67}},"49":{"start":{"line":164,"column":8},"end":{"line":167,"column":10}},"50":{"start":{"line":50,"column":13},"end":{"line":50,"column":33}}},"fnMap":{"0":{"name":"(anonymous_1)","decl":{"start":{"line":13,"column":28},"end":{"line":13,"column":33}},"loc":{"start":{"line":13,"column":53},"end":{"line":28,"column":1}}},"1":{"name":"(anonymous_2)","decl":{"start":{"line":31,"column":30},"end":{"line":31,"column":35}},"loc":{"start":{"line":31,"column":71},"end":{"line":48,"column":1}}},"2":{"name":"(anonymous_3)","decl":{"start":{"line":50,"column":33},"end":{"line":50,"column":38}},"loc":{"start":{"line":50,"column":83},"end":{"line":168,"column":1}}},"3":{"name":"(anonymous_4)","decl":{"start":{"line":51,"column":64},"end":{"line":51,"column":65}},"loc":{"start":{"line":51,"column":82},"end":{"line":57,"column":5}}},"4":{"name":"(anonymous_5)","decl":{"start":{"line":83,"column":55},"end":{"line":83,"column":60}},"loc":{"start":{"line":83,"column":68},"end":{"line":153,"column":9}}},"5":{"name":"(anonymous_6)","decl":{"start":{"line":93,"column":51},"end":{"line":93,"column":52}},"loc":{"start":{"line":93,"column":58},"end":{"line":93,"column":67}}},"6":{"name":"(anonymous_7)","decl":{"start":{"line":114,"column":68},"end":{"line":114,"column":69}},"loc":{"start":{"line":114,"column":94},"end":{"line":122,"column":11}}},"7":{"name":"(anonymous_8)","decl":{"start":{"line":160,"column":10},"end":{"line":160,"column":11}},"loc":{"start":{"line":160,"column":25},"end":{"line":160,"column":67}}}},"branchMap":{"0":{"loc":{"start":{"line":62,"column":48},"end":{"line":62,"column":93}},"type":"binary-expr","locations":[{"start":{"line":62,"column":48},"end":{"line":62,"column":88}},{"start":{"line":62,"column":92},"end":{"line":62,"column":93}}]},"1":{"loc":{"start":{"line":70,"column":8},"end":{"line":80,"column":9}},"type":"if","locations":[{"start":{"line":70,"column":8},"end":{"line":80,"column":9}},{"start":{},"end":{}}]},"2":{"loc":{"start":{"line":70,"column":12},"end":{"line":70,"column":56}},"type":"binary-expr","locations":[{"start":{"line":70,"column":12},"end":{"line":70,"column":39}},{"start":{"line":70,"column":43},"end":{"line":70,"column":56}}]},"3":{"loc":{"start":{"line":75,"column":10},"end":{"line":77,"column":11}},"type":"if","locations":[{"start":{"line":75,"column":10},"end":{"line":77,"column":11}},{"start":{},"end":{}}]},"4":{"loc":{"start":{"line":89,"column":10},"end":{"line":91,"column":11}},"type":"if","locations":[{"start":{"line":89,"column":10},"end":{"line":91,"column":11}},{"start":{},"end":{}}]},"5":{"loc":{"start":{"line":99,"column":12},"end":{"line":99,"column":38}},"type":"if","locations":[{"start":{"line":99,"column":12},"end":{"line":99,"column":38}},{"start":{},"end":{}}]},"6":{"loc":{"start":{"line":101,"column":12},"end":{"line":103,"column":13}},"type":"if","locations":[{"start":{"line":101,"column":12},"end":{"line":103,"column":13}},{"start":{},"end":{}}]},"7":{"loc":{"start":{"line":137,"column":12},"end":{"line":139,"column":13}},"type":"if","locations":[{"start":{"line":137,"column":12},"end":{"line":139,"column":13}},{"start":{},"end":{}}]},"8":{"loc":{"start":{"line":155,"column":8},"end":{"line":157,"column":9}},"type":"if","locations":[{"start":{"line":155,"column":8},"end":{"line":157,"column":9}},{"start":{},"end":{}}]}},"s":{"0":1,"1":1,"2":1,"3":1,"4":1,"5":1,"6":1,"7":1,"8":1,"9":1,"10":4,"11":4,"12":4,"13":4,"14":4,"15":4,"16":4,"17":4,"18":4,"19":4,"20":4,"21":1,"22":3,"23":3,"24":3,"25":3,"26":1,"27":2,"28":2,"29":2,"30":2,"31":2,"32":0,"33":2,"34":1,"35":1,"36":1,"37":1,"38":1,"39":1,"40":1,"41":1,"42":1,"43":0,"44":1,"45":2,"46":1,"47":1,"48":1,"49":1,"50":1},"f":{"0":1,"1":1,"2":4,"3":4,"4":3,"5":2,"6":1,"7":1},"b":{"0":[4,4],"1":[4,0],"2":[4,0],"3":[1,3],"4":[1,2],"5":[0,2],"6":[1,1],"7":[0,1],"8":[1,1]}}
,"/Users/gregoryly/Desktop/projet_Dev3/server/src/services/prodServices.ts": {"path":"/Users/gregoryly/Desktop/projet_Dev3/server/src/services/prodServices.ts","statementMap":{"0":{"start":{"line":1,"column":0},"end":{"line":1,"column":41}},"1":{"start":{"line":3,"column":26},"end":{"line":11,"column":1}},"2":{"start":{"line":4,"column":21},"end":{"line":4,"column":55}},"3":{"start":{"line":6,"column":4},"end":{"line":8,"column":5}},"4":{"start":{"line":7,"column":8},"end":{"line":7,"column":46}},"5":{"start":{"line":10,"column":4},"end":{"line":10,"column":20}},"6":{"start":{"line":3,"column":13},"end":{"line":3,"column":26}},"7":{"start":{"line":13,"column":26},"end":{"line":21,"column":1}},"8":{"start":{"line":14,"column":20},"end":{"line":16,"column":6}},"9":{"start":{"line":17,"column":4},"end":{"line":19,"column":9}},"10":{"start":{"line":18,"column":8},"end":{"line":18,"column":45}},"11":{"start":{"line":20,"column":4},"end":{"line":20,"column":19}},"12":{"start":{"line":13,"column":13},"end":{"line":13,"column":26}}},"fnMap":{"0":{"name":"(anonymous_1)","decl":{"start":{"line":3,"column":26},"end":{"line":3,"column":31}},"loc":{"start":{"line":3,"column":37},"end":{"line":11,"column":1}}},"1":{"name":"(anonymous_2)","decl":{"start":{"line":13,"column":26},"end":{"line":13,"column":31}},"loc":{"start":{"line":13,"column":47},"end":{"line":21,"column":1}}}},"branchMap":{"0":{"loc":{"start":{"line":6,"column":4},"end":{"line":8,"column":5}},"type":"if","locations":[{"start":{"line":6,"column":4},"end":{"line":8,"column":5}},{"start":{},"end":{}}]},"1":{"loc":{"start":{"line":17,"column":4},"end":{"line":19,"column":9}},"type":"if","locations":[{"start":{"line":17,"column":4},"end":{"line":19,"column":9}},{"start":{},"end":{}}]}},"s":{"0":1,"1":1,"2":2,"3":2,"4":1,"5":1,"6":1,"7":1,"8":2,"9":2,"10":1,"11":1,"12":1},"f":{"0":2,"1":2},"b":{"0":[1,1],"1":[1,1]}}
,"/Users/gregoryly/Desktop/projet_Dev3/server/src/services/userServices.ts": {"path":"/Users/gregoryly/Desktop/projet_Dev3/server/src/services/userServices.ts","statementMap":{"0":{"start":{"line":1,"column":0},"end":{"line":1,"column":41}},"1":{"start":{"line":16,"column":30},"end":{"line":43,"column":1}},"2":{"start":{"line":17,"column":15},"end":{"line":36,"column":4}},"3":{"start":{"line":38,"column":2},"end":{"line":40,"column":3}},"4":{"start":{"line":39,"column":4},"end":{"line":39,"column":38}},"5":{"start":{"line":42,"column":2},"end":{"line":42,"column":14}},"6":{"start":{"line":16,"column":13},"end":{"line":16,"column":30}},"7":{"start":{"line":45,"column":33},"end":{"line":59,"column":1}},"8":{"start":{"line":46,"column":35},"end":{"line":46,"column":37}},"9":{"start":{"line":48,"column":2},"end":{"line":48,"column":67}},"10":{"start":{"line":48,"column":36},"end":{"line":48,"column":67}},"11":{"start":{"line":49,"column":2},"end":{"line":49,"column":58}},"12":{"start":{"line":49,"column":33},"end":{"line":49,"column":58}},"13":{"start":{"line":51,"column":2},"end":{"line":53,"column":3}},"14":{"start":{"line":52,"column":4},"end":{"line":52,"column":36}},"15":{"start":{"line":55,"column":2},"end":{"line":58,"column":5}},"16":{"start":{"line":45,"column":13},"end":{"line":45,"column":33}},"17":{"start":{"line":61,"column":34},"end":{"line":76,"column":1}},"18":{"start":{"line":62,"column":36},"end":{"line":62,"column":38}},"19":{"start":{"line":64,"column":2},"end":{"line":66,"column":3}},"20":{"start":{"line":65,"column":4},"end":{"line":65,"column":45}},"21":{"start":{"line":68,"column":2},"end":{"line":70,"column":3}},"22":{"start":{"line":69,"column":4},"end":{"line":69,"column":36}},"23":{"start":{"line":72,"column":2},"end":{"line":75,"column":5}},"24":{"start":{"line":61,"column":13},"end":{"line":61,"column":34}},"25":{"start":{"line":78,"column":38},"end":{"line":93,"column":1}},"26":{"start":{"line":79,"column":34},"end":{"line":79,"column":36}},"27":{"start":{"line":81,"column":2},"end":{"line":83,"column":3}},"28":{"start":{"line":82,"column":4},"end":{"line":82,"column":35}},"29":{"start":{"line":85,"column":2},"end":{"line":87,"column":3}},"30":{"start":{"line":86,"column":4},"end":{"line":86,"column":36}},"31":{"start":{"line":89,"column":2},"end":{"line":92,"column":5}},"32":{"start":{"line":78,"column":13},"end":{"line":78,"column":38}}},"fnMap":{"0":{"name":"(anonymous_1)","decl":{"start":{"line":16,"column":30},"end":{"line":16,"column":35}},"loc":{"start":{"line":16,"column":55},"end":{"line":43,"column":1}}},"1":{"name":"(anonymous_2)","decl":{"start":{"line":45,"column":33},"end":{"line":45,"column":38}},"loc":{"start":{"line":45,"column":85},"end":{"line":59,"column":1}}},"2":{"name":"(anonymous_3)","decl":{"start":{"line":61,"column":34},"end":{"line":61,"column":39}},"loc":{"start":{"line":61,"column":87},"end":{"line":76,"column":1}}},"3":{"name":"(anonymous_4)","decl":{"start":{"line":78,"column":38},"end":{"line":78,"column":43}},"loc":{"start":{"line":78,"column":89},"end":{"line":93,"column":1}}}},"branchMap":{"0":{"loc":{"start":{"line":38,"column":2},"end":{"line":40,"column":3}},"type":"if","locations":[{"start":{"line":38,"column":2},"end":{"line":40,"column":3}},{"start":{},"end":{}}]},"1":{"loc":{"start":{"line":48,"column":2},"end":{"line":48,"column":67}},"type":"if","locations":[{"start":{"line":48,"column":2},"end":{"line":48,"column":67}},{"start":{},"end":{}}]},"2":{"loc":{"start":{"line":49,"column":2},"end":{"line":49,"column":58}},"type":"if","locations":[{"start":{"line":49,"column":2},"end":{"line":49,"column":58}},{"start":{},"end":{}}]},"3":{"loc":{"start":{"line":51,"column":2},"end":{"line":53,"column":3}},"type":"if","locations":[{"start":{"line":51,"column":2},"end":{"line":53,"column":3}},{"start":{},"end":{}}]},"4":{"loc":{"start":{"line":64,"column":2},"end":{"line":66,"column":3}},"type":"if","locations":[{"start":{"line":64,"column":2},"end":{"line":66,"column":3}},{"start":{},"end":{}}]},"5":{"loc":{"start":{"line":68,"column":2},"end":{"line":70,"column":3}},"type":"if","locations":[{"start":{"line":68,"column":2},"end":{"line":70,"column":3}},{"start":{},"end":{}}]},"6":{"loc":{"start":{"line":81,"column":2},"end":{"line":83,"column":3}},"type":"if","locations":[{"start":{"line":81,"column":2},"end":{"line":83,"column":3}},{"start":{},"end":{}}]},"7":{"loc":{"start":{"line":85,"column":2},"end":{"line":87,"column":3}},"type":"if","locations":[{"start":{"line":85,"column":2},"end":{"line":87,"column":3}},{"start":{},"end":{}}]}},"s":{"0":1,"1":1,"2":2,"3":2,"4":1,"5":1,"6":1,"7":1,"8":2,"9":2,"10":1,"11":2,"12":1,"13":2,"14":1,"15":1,"16":1,"17":1,"18":2,"19":2,"20":1,"21":2,"22":1,"23":1,"24":1,"25":1,"26":2,"27":2,"28":1,"29":2,"30":1,"31":1,"32":1},"f":{"0":2,"1":2,"2":2,"3":2},"b":{"0":[1,1],"1":[1,1],"2":[1,1],"3":[1,1],"4":[1,1],"5":[1,1],"6":[1,1],"7":[1,1]}}
}
