TN:
SF:src/middlewares/checkEmptyBody.ts
FN:3,(anonymous_0)
FNF:1
FNH:1
FNDA:2,(anonymous_0)
DA:3,1
DA:8,2
DA:9,1
DA:12,1
DA:15,1
LF:5
LH:5
BRDA:8,0,0,1
BRDA:8,0,1,1
BRDA:8,1,0,2
BRDA:8,1,1,2
BRF:4
BRH:4
end_of_record
TN:
SF:src/middlewares/checkIdParam.ts
FN:3,(anonymous_0)
FNF:1
FNH:1
FNDA:2,(anonymous_0)
DA:3,1
DA:8,2
DA:10,2
DA:11,1
DA:14,1
DA:17,1
LF:6
LH:6
BRDA:10,0,0,1
BRDA:10,0,1,1
BRDA:10,1,0,2
BRDA:10,1,1,1
BRF:4
BRH:4
end_of_record
TN:
SF:src/middlewares/validateAddressBody.ts
FN:5,(anonymous_0)
FNF:1
FNH:1
FNDA:2,(anonymous_0)
DA:3,1
DA:5,1
DA:10,2
DA:11,7
DA:12,1
DA:16,1
DA:19,1
LF:7
LH:7
BRDA:11,0,0,1
BRDA:11,0,1,6
BRDA:11,1,0,7
BRDA:11,1,1,7
BRF:4
BRH:4
end_of_record
TN:
SF:src/middlewares/validateAuthBody.ts
FN:5,(anonymous_0)
FN:27,(anonymous_1)
FNF:2
FNH:2
FNDA:3,(anonymous_0)
FNDA:2,(anonymous_1)
DA:3,1
DA:5,1
DA:10,3
DA:12,3
DA:17,1
DA:20,2
DA:21,1
DA:24,1
DA:27,1
DA:32,2
DA:34,2
DA:35,1
DA:38,1
LF:13
LH:13
BRDA:12,0,0,1
BRDA:12,0,1,2
BRDA:13,1,0,3
BRDA:13,1,1,3
BRDA:13,1,2,3
BRDA:20,2,0,1
BRDA:20,2,1,1
BRDA:34,3,0,1
BRDA:34,3,1,1
BRDA:34,4,0,2
BRDA:34,4,1,2
BRF:11
BRH:11
end_of_record
TN:
SF:src/middlewares/validateOrderBody.ts
FN:3,(anonymous_0)
FN:14,(anonymous_1)
FNF:2
FNH:2
FNDA:3,(anonymous_0)
FNDA:2,(anonymous_1)
DA:3,1
DA:8,3
DA:10,3
DA:11,1
DA:14,2
DA:15,2
DA:16,2
DA:17,2
DA:19,2
DA:27,2
DA:28,1
DA:31,1
DA:34,1
LF:13
LH:13
BRDA:10,0,0,1
BRDA:10,0,1,2
BRDA:10,1,0,3
BRDA:10,1,1,3
BRDA:20,2,0,2
BRDA:20,2,1,2
BRDA:20,2,2,2
BRDA:20,2,3,2
BRDA:27,3,0,1
BRDA:27,3,1,1
BRF:10
BRH:10
end_of_record
TN:
SF:src/services/adminServices.ts
FN:45,(anonymous_1)
FN:51,(anonymous_2)
FN:63,(anonymous_3)
FN:76,(anonymous_4)
FN:82,(anonymous_5)
FN:95,(anonymous_6)
FN:121,(anonymous_7)
FN:143,(anonymous_8)
FN:166,(anonymous_9)
FN:183,(anonymous_10)
FNF:10
FNH:8
FNDA:1,(anonymous_1)
FNDA:2,(anonymous_2)
FNDA:0,(anonymous_3)
FNDA:0,(anonymous_4)
FNDA:2,(anonymous_5)
FNDA:2,(anonymous_6)
FNDA:2,(anonymous_7)
FNDA:2,(anonymous_8)
FNDA:2,(anonymous_9)
FNDA:1,(anonymous_10)
DA:1,1
DA:27,1
DA:45,1
DA:46,1
DA:51,1
DA:52,2
DA:54,2
DA:55,1
DA:58,1
DA:63,1
DA:64,0
DA:66,0
DA:67,0
DA:70,0
DA:76,1
DA:77,0
DA:82,1
DA:83,2
DA:88,2
DA:89,1
DA:92,1
DA:95,1
DA:96,2
DA:100,2
DA:101,0
DA:104,2
DA:106,2
DA:107,2
DA:108,2
DA:110,2
DA:111,1
DA:114,1
DA:121,1
DA:122,2
DA:126,2
DA:127,1
DA:130,1
DA:143,1
DA:144,2
DA:162,2
DA:163,0
DA:166,2
DA:167,2
DA:168,1
DA:171,1
DA:180,1
DA:183,1
DA:184,1
LF:48
LH:41
BRDA:54,0,0,1
BRDA:54,0,1,1
BRDA:66,1,0,0
BRDA:66,1,1,0
BRDA:88,2,0,1
BRDA:88,2,1,1
BRDA:100,3,0,0
BRDA:100,3,1,2
BRDA:106,4,0,1
BRDA:106,4,1,1
BRDA:107,5,0,0
BRDA:107,5,1,2
BRDA:108,6,0,0
BRDA:108,6,1,2
BRDA:110,7,0,1
BRDA:110,7,1,1
BRDA:126,8,0,1
BRDA:126,8,1,1
BRDA:162,9,0,0
BRDA:162,9,1,2
BRDA:167,10,0,1
BRDA:167,10,1,1
BRF:22
BRH:16
end_of_record
TN:
SF:src/services/adressesServices.ts
FN:13,(anonymous_1)
FN:22,(anonymous_2)
FN:37,(anonymous_3)
FN:73,(anonymous_4)
FNF:4
FNH:4
FNDA:1,(anonymous_1)
FNDA:1,(anonymous_2)
FNDA:3,(anonymous_3)
FNDA:2,(anonymous_4)
DA:1,1
DA:13,1
DA:14,1
DA:19,1
DA:22,1
DA:23,1
DA:34,1
DA:37,1
DA:42,3
DA:44,3
DA:45,3
DA:46,3
DA:47,3
DA:48,3
DA:50,3
DA:51,1
DA:54,2
DA:61,2
DA:62,1
DA:65,1
DA:70,1
DA:73,1
DA:74,2
DA:81,2
DA:82,1
DA:85,1
DA:89,1
LF:27
LH:27
BRDA:44,0,0,0
BRDA:44,0,1,3
BRDA:45,1,0,2
BRDA:45,1,1,1
BRDA:46,2,0,0
BRDA:46,2,1,3
BRDA:47,3,0,0
BRDA:47,3,1,3
BRDA:48,4,0,0
BRDA:48,4,1,3
BRDA:50,5,0,1
BRDA:50,5,1,2
BRDA:61,6,0,1
BRDA:61,6,1,1
BRDA:81,7,0,1
BRDA:81,7,1,1
BRF:16
BRH:12
end_of_record
TN:
SF:src/services/authService.ts
FN:23,(anonymous_1)
FN:35,(anonymous_2)
FN:85,(anonymous_3)
FNF:3
FNH:3
FNDA:2,(anonymous_1)
FNDA:1,(anonymous_2)
FNDA:3,(anonymous_3)
DA:1,1
DA:2,1
DA:3,1
DA:23,1
DA:24,2
DA:28,2
DA:29,1
DA:32,1
DA:33,1
DA:35,1
DA:36,1
DA:43,1
DA:51,1
DA:53,1
DA:54,1
DA:66,1
DA:69,1
DA:75,1
DA:85,1
DA:87,3
DA:93,3
DA:94,1
DA:98,2
DA:101,2
DA:102,1
DA:106,1
DA:112,1
LF:27
LH:27
BRDA:28,0,0,1
BRDA:28,0,1,1
BRDA:53,1,0,1
BRDA:53,1,1,0
BRDA:93,2,0,1
BRDA:93,2,1,2
BRDA:93,3,0,3
BRDA:93,3,1,2
BRDA:101,4,0,1
BRDA:101,4,1,1
BRF:10
BRH:9
end_of_record
TN:
SF:src/services/catServices.ts
FN:3,(anonymous_1)
FN:9,(anonymous_2)
FNF:2
FNH:2
FNDA:1,(anonymous_1)
FNDA:2,(anonymous_2)
DA:1,1
DA:3,1
DA:4,1
DA:6,1
DA:9,1
DA:10,2
DA:14,2
DA:15,1
DA:18,1
LF:9
LH:9
BRDA:14,0,0,1
BRDA:14,0,1,1
BRF:2
BRH:2
end_of_record
TN:
SF:src/services/orderServices.ts
FN:13,(anonymous_1)
FN:31,(anonymous_2)
FN:50,(anonymous_3)
FN:51,(anonymous_4)
FN:83,(anonymous_5)
FN:93,(anonymous_6)
FN:114,(anonymous_7)
FN:160,(anonymous_8)
FNF:8
FNH:8
FNDA:1,(anonymous_1)
FNDA:1,(anonymous_2)
FNDA:4,(anonymous_3)
FNDA:4,(anonymous_4)
FNDA:3,(anonymous_5)
FNDA:2,(anonymous_6)
FNDA:1,(anonymous_7)
FNDA:1,(anonymous_8)
DA:1,1
DA:13,1
DA:14,1
DA:27,1
DA:31,1
DA:32,1
DA:47,1
DA:50,1
DA:51,4
DA:52,4
DA:53,4
DA:60,4
DA:61,4
DA:62,4
DA:66,4
DA:69,4
DA:70,4
DA:71,4
DA:75,4
DA:76,1
DA:79,3
DA:83,3
DA:84,3
DA:89,3
DA:90,1
DA:93,2
DA:96,2
DA:98,2
DA:99,2
DA:101,2
DA:102,1
DA:106,1
DA:114,1
DA:115,1
DA:116,1
DA:124,1
DA:126,1
DA:127,1
DA:137,1
DA:138,0
DA:142,1
DA:155,2
DA:156,1
DA:159,1
DA:160,1
DA:164,1
LF:46
LH:45
BRDA:62,0,0,4
BRDA:62,0,1,4
BRDA:70,1,0,4
BRDA:70,1,1,0
BRDA:70,2,0,4
BRDA:70,2,1,0
BRDA:75,3,0,1
BRDA:75,3,1,3
BRDA:89,4,0,1
BRDA:89,4,1,2
BRDA:99,5,0,0
BRDA:99,5,1,2
BRDA:101,6,0,1
BRDA:101,6,1,1
BRDA:137,7,0,0
BRDA:137,7,1,1
BRDA:155,8,0,1
BRDA:155,8,1,1
BRF:18
BRH:14
end_of_record
TN:
SF:src/services/prodServices.ts
FN:3,(anonymous_1)
FN:13,(anonymous_2)
FNF:2
FNH:2
FNDA:2,(anonymous_1)
FNDA:2,(anonymous_2)
DA:1,1
DA:3,1
DA:4,2
DA:6,2
DA:7,1
DA:10,1
DA:13,1
DA:14,2
DA:17,2
DA:18,1
DA:20,1
LF:11
LH:11
BRDA:6,0,0,1
BRDA:6,0,1,1
BRDA:17,1,0,1
BRDA:17,1,1,1
BRF:4
BRH:4
end_of_record
TN:
SF:src/services/userServices.ts
FN:16,(anonymous_1)
FN:45,(anonymous_2)
FN:61,(anonymous_3)
FN:78,(anonymous_4)
FNF:4
FNH:4
FNDA:2,(anonymous_1)
FNDA:2,(anonymous_2)
FNDA:2,(anonymous_3)
FNDA:2,(anonymous_4)
DA:1,1
DA:16,1
DA:17,2
DA:38,2
DA:39,1
DA:42,1
DA:45,1
DA:46,2
DA:48,2
DA:49,2
DA:51,2
DA:52,1
DA:55,1
DA:61,1
DA:62,2
DA:64,2
DA:65,1
DA:68,2
DA:69,1
DA:72,1
DA:78,1
DA:79,2
DA:81,2
DA:82,1
DA:85,2
DA:86,1
DA:89,1
LF:27
LH:27
BRDA:38,0,0,1
BRDA:38,0,1,1
BRDA:48,1,0,1
BRDA:48,1,1,1
BRDA:49,2,0,1
BRDA:49,2,1,1
BRDA:51,3,0,1
BRDA:51,3,1,1
BRDA:64,4,0,1
BRDA:64,4,1,1
BRDA:68,5,0,1
BRDA:68,5,1,1
BRDA:81,6,0,1
BRDA:81,6,1,1
BRDA:85,7,0,1
BRDA:85,7,1,1
BRF:16
BRH:16
end_of_record
