TN:
SF:src/utils/password.ts
FN:1,(anonymous_0)
FNF:1
FNH:1
FNDA:14,(anonymous_0)
DA:1,1
DA:2,14
DA:3,13
DA:4,12
DA:6,11
DA:7,11
DA:8,11
DA:9,11
DA:11,11
DA:13,3
DA:14,1
DA:15,8
DA:17,6
DA:18,2
DA:21,2
DA:24,2
LF:16
LH:16
BRDA:2,0,0,1
BRDA:2,0,1,13
BRDA:3,1,0,1
BRDA:3,1,1,12
BRDA:4,2,0,1
BRDA:4,2,1,11
BRDA:11,3,0,3
BRDA:11,3,1,8
BRDA:13,4,0,2
BRDA:13,4,1,1
BRDA:15,5,0,6
BRDA:15,5,1,2
BRDA:15,6,0,8
BRDA:15,6,1,8
BRDA:17,7,0,4
BRDA:17,7,1,2
BRDA:17,8,0,6
BRDA:17,8,1,4
BRDA:17,8,2,3
BRDA:18,9,0,1
BRDA:18,9,1,1
BRDA:21,10,0,1
BRDA:21,10,1,1
BRDA:21,11,0,2
BRDA:21,11,1,1
BRF:25
BRH:25
end_of_record
TN:
SF:src/utils/shipping.ts
FN:44,calculateShipping
FNF:1
FNH:1
FNDA:12,calculateShipping
DA:44,1
DA:50,12
DA:51,0
DA:54,12
DA:55,0
DA:59,12
DA:61,12
DA:62,4
DA:63,8
DA:64,4
DA:66,4
DA:70,12
DA:71,6
DA:75,12
DA:76,6
DA:79,12
LF:16
LH:14
BRDA:50,0,0,0
BRDA:50,0,1,12
BRDA:54,1,0,0
BRDA:54,1,1,12
BRDA:54,2,0,12
BRDA:54,2,1,12
BRDA:61,3,0,4
BRDA:61,3,1,8
BRDA:63,4,0,4
BRDA:63,4,1,4
BRDA:70,5,0,6
BRDA:70,5,1,6
BRDA:75,6,0,6
BRDA:75,6,1,6
BRF:14
BRH:12
end_of_record
TN:
SF:src/utils/userValidator.ts
FN:1,validateUserRegistration
FNF:1
FNH:1
FNDA:7,validateUserRegistration
DA:1,1
DA:2,7
DA:3,7
DA:4,7
DA:6,7
DA:7,2
DA:9,5
DA:10,1
DA:13,4
DA:14,2
DA:15,1
DA:17,1
DA:20,2
DA:21,1
DA:24,1
LF:15
LH:15
BRDA:6,0,0,2
BRDA:6,0,1,5
BRDA:6,1,0,7
BRDA:6,1,1,6
BRDA:9,2,0,1
BRDA:9,2,1,4
BRDA:13,3,0,2
BRDA:13,3,1,2
BRDA:14,4,0,1
BRDA:14,4,1,1
BRDA:20,5,0,1
BRDA:20,5,1,1
BRDA:20,6,0,2
BRDA:20,6,1,1
BRF:14
BRH:14
end_of_record
